0 info it worked if it ends with ok
1 verbose cli [ '/home/piszur/.nvm/versions/node/v5.0.0/bin/node',
1 verbose cli   '/home/piszur/.nvm/versions/node/v5.0.0/bin/npm',
1 verbose cli   'run',
1 verbose cli   'lint',
1 verbose cli   '--',
1 verbose cli   '-f',
1 verbose cli   'compact',
1 verbose cli   '/home/piszur/work/BOB/BOB4/bob4_layout/js/bob.js' ]
2 info using npm@3.3.6
3 info using node@v5.0.0
4 verbose stack Error: ENOENT: no such file or directory, open '/home/piszur/.vim/bundle/package.json'
4 verbose stack     at Error (native)
5 verbose cwd /home/piszur/.vim/bundle
6 error Linux 4.15.0-36-generic
7 error argv "/home/piszur/.nvm/versions/node/v5.0.0/bin/node" "/home/piszur/.nvm/versions/node/v5.0.0/bin/npm" "run" "lint" "--" "-f" "compact" "/home/piszur/work/BOB/BOB4/bob4_layout/js/bob.js"
8 error node v5.0.0
9 error npm  v3.3.6
10 error path /home/piszur/.vim/bundle/package.json
11 error code ENOENT
12 error errno -2
13 error syscall open
14 error enoent ENOENT: no such file or directory, open '/home/piszur/.vim/bundle/package.json'
14 error enoent This is most likely not a problem with npm itself
14 error enoent and is related to npm not being able to find a file.
15 verbose exit [ -2, true ]
